0 info it worked if it ends with ok
1 verbose cli [ '/root/.nvm/versions/node/v7.4.0/bin/node',
1 verbose cli   '/root/.nvm/versions/node/v7.4.0/bin/npm',
1 verbose cli   'version',
1 verbose cli   'patch' ]
2 info using npm@4.0.5
3 info using node@v7.4.0
4 error version No valid package.json found
5 verbose stack SyntaxError: Unexpected string in JSON at position 1430
5 verbose stack     at JSON.parse (<anonymous>)
5 verbose stack     at /root/.nvm/versions/node/v7.4.0/lib/node_modules/npm/lib/version.js:114:19
5 verbose stack     at /root/.nvm/versions/node/v7.4.0/lib/node_modules/npm/node_modules/graceful-fs/graceful-fs.js:78:16
5 verbose stack     at FSReqWrap.readFileAfterClose [as oncomplete] (fs.js:416:3)
6 verbose cwd /node/zany
7 error Linux 3.10.0-327.18.2.el7.x86_64
8 error argv "/root/.nvm/versions/node/v7.4.0/bin/node" "/root/.nvm/versions/node/v7.4.0/bin/npm" "version" "patch"
9 error node v7.4.0
10 error npm  v4.0.5
11 error Unexpected string in JSON at position 1430
12 error If you need help, you may report this error at:
12 error     <https://github.com/npm/npm/issues>
13 verbose exit [ 1, true ]
